{
  "stats": {
    "suites": 1,
    "tests": 1,
    "passes": 1,
    "pending": 0,
    "failures": 0,
    "start": "2022-10-03T09:10:34.126Z",
    "end": "2022-10-03T09:10:36.054Z",
    "duration": 1928,
    "testsRegistered": 1,
    "passPercent": 100,
    "pendingPercent": 0,
    "other": 0,
    "hasOther": false,
    "skipped": 0,
    "hasSkipped": false
  },
  "results": [
    {
      "uuid": "33e67c16-e6c2-40f7-b900-ab844e1d3ed5",
      "title": "",
      "fullFile": "S:\\API Test\\API Test Automation\\test\\AVL-Login.js",
      "file": "\\test\\AVL-Login.js",
      "beforeHooks": [],
      "afterHooks": [],
      "tests": [],
      "suites": [
        {
          "uuid": "856bfae1-5c2b-4927-a647-0d7c884d25f6",
          "title": "Random",
          "fullFile": "S:\\API Test\\API Test Automation\\test\\AVL-Login.js",
          "file": "\\test\\AVL-Login.js",
          "beforeHooks": [],
          "afterHooks": [],
          "tests": [
            {
              "title": "RETURNS STATUS CODE 200",
              "fullTitle": "Random RETURNS STATUS CODE 200",
              "timedOut": false,
              "duration": 1876,
              "state": "passed",
              "speed": "slow",
              "pass": true,
              "fail": false,
              "pending": false,
              "context": null,
              "code": "// const randominvalidname = faker.name.firstName();\n const AVL = await axios.post('http://api.stageavl.afaqy.sa/auth/login',\n {\n     \"data\": {\n         \"username\": \"large\",\n         \"password\": \"123456Aa\",\n         \"expire\": 90000,\n         \"projection\": [\n             \"_id\",\n             \"username\",\n             \"email\",\n             \"imgUrl\",\n             \"last_login_date\"\n         ]\n     }\n });\nconsole.log(AVL);\nexpect(AVL.status).to.equal(200);\nexpect(AVL.data.message).to.equal('success');\n//expect(AVL.data.value).to.be.a('string');",
              "err": {},
              "uuid": "7830dfc7-b423-4740-9fca-5ae462af0302",
              "parentUUID": "856bfae1-5c2b-4927-a647-0d7c884d25f6",
              "isHook": false,
              "skipped": false
            }
          ],
          "suites": [],
          "passes": [
            "7830dfc7-b423-4740-9fca-5ae462af0302"
          ],
          "failures": [],
          "pending": [],
          "skipped": [],
          "duration": 1876,
          "root": false,
          "rootEmpty": false,
          "_timeout": 2000
        }
      ],
      "passes": [],
      "failures": [],
      "pending": [],
      "skipped": [],
      "duration": 0,
      "root": true,
      "rootEmpty": true,
      "_timeout": 2000
    }
  ],
  "meta": {
    "mocha": {
      "version": "10.0.0"
    },
    "mochawesome": {
      "options": {
        "quiet": false,
        "reportFilename": "mochawesome",
        "saveHtml": true,
        "saveJson": true,
        "consoleReporter": "spec",
        "useInlineDiffs": false,
        "code": true
      },
      "version": "7.1.3"
    },
    "marge": {
      "options": null,
      "version": "6.2.0"
    }
  }
}