{
  "stats": {
    "suites": 1,
    "tests": 3,
    "passes": 3,
    "pending": 0,
    "failures": 0,
    "start": "2022-10-03T14:39:21.455Z",
    "end": "2022-10-03T14:39:22.566Z",
    "duration": 1111,
    "testsRegistered": 3,
    "passPercent": 100,
    "pendingPercent": 0,
    "other": 0,
    "hasOther": false,
    "skipped": 0,
    "hasSkipped": false
  },
  "results": [
    {
      "uuid": "3e32656f-fa23-4091-acdd-ea73dcf03ccd",
      "title": "",
      "fullFile": "S:\\API Test\\API Test Automation\\test\\API-automation.js",
      "file": "\\test\\API-automation.js",
      "beforeHooks": [],
      "afterHooks": [],
      "tests": [],
      "suites": [
        {
          "uuid": "f3003134-3611-42e0-a9d8-c84ffc43c28c",
          "title": "Login-successful ",
          "fullFile": "S:\\API Test\\API Test Automation\\test\\API-automation.js",
          "file": "\\test\\API-automation.js",
          "beforeHooks": [],
          "afterHooks": [],
          "tests": [
            {
              "title": "RETURNS STATUS CODE 200",
              "fullTitle": "Login-successful  RETURNS STATUS CODE 200",
              "timedOut": false,
              "duration": 332,
              "state": "passed",
              "speed": "slow",
              "pass": true,
              "fail": false,
              "pending": false,
              "context": null,
              "code": "const mail = \"eve.holt@reqres.in\";\nconst password = \"cityslicka\";\n const response = await axios.post('https://reqres.in/api/login',\n {\n         \"email\": mail,\n         \"password\": password\n });\nexpect(response.status).to.equal(200);",
              "err": {},
              "uuid": "27331c6a-4678-4c62-adf8-1cbdb4f9e8d9",
              "parentUUID": "f3003134-3611-42e0-a9d8-c84ffc43c28c",
              "isHook": false,
              "skipped": false
            },
            {
              "title": "git list of users",
              "fullTitle": "Login-successful  git list of users",
              "timedOut": false,
              "duration": 510,
              "state": "passed",
              "speed": "slow",
              "pass": true,
              "fail": false,
              "pending": false,
              "context": null,
              "code": "const response = await axios.get('https://reqres.in/api/users?page=2');\n        expect(response.status).to.equal(200);\n        expect(response.data.data[1].id).to.equal(8);",
              "err": {},
              "uuid": "8a56dcc8-5ec3-4486-b148-e8eaa62207b3",
              "parentUUID": "f3003134-3611-42e0-a9d8-c84ffc43c28c",
              "isHook": false,
              "skipped": false
            },
            {
              "title": "Create a job",
              "fullTitle": "Login-successful  Create a job",
              "timedOut": false,
              "duration": 257,
              "state": "passed",
              "speed": "slow",
              "pass": true,
              "fail": false,
              "pending": false,
              "context": null,
              "code": "const randomName = faker.name.firstName();\nconst randomjob = faker.name.jobTitle()\n const response = await axios.post('https://reqres.in/api/users',\n {\n    \"name\": randomName,\n    \"job\": randomjob\n });\nexpect(response.status).to.equal(201);\n       expect(response.data.name).equal(randomName);\n       expect(response.data.job).equal(randomjob);",
              "err": {},
              "uuid": "f86b8067-dd90-42cb-a131-953be4f3a155",
              "parentUUID": "f3003134-3611-42e0-a9d8-c84ffc43c28c",
              "isHook": false,
              "skipped": false
            }
          ],
          "suites": [],
          "passes": [
            "27331c6a-4678-4c62-adf8-1cbdb4f9e8d9",
            "8a56dcc8-5ec3-4486-b148-e8eaa62207b3",
            "f86b8067-dd90-42cb-a131-953be4f3a155"
          ],
          "failures": [],
          "pending": [],
          "skipped": [],
          "duration": 1099,
          "root": false,
          "rootEmpty": false,
          "_timeout": 30000
        }
      ],
      "passes": [],
      "failures": [],
      "pending": [],
      "skipped": [],
      "duration": 0,
      "root": true,
      "rootEmpty": true,
      "_timeout": 30000
    }
  ],
  "meta": {
    "mocha": {
      "version": "10.0.0"
    },
    "mochawesome": {
      "options": {
        "quiet": false,
        "reportFilename": "mochawesome",
        "saveHtml": true,
        "saveJson": true,
        "consoleReporter": "spec",
        "useInlineDiffs": false,
        "code": true
      },
      "version": "7.1.3"
    },
    "marge": {
      "options": null,
      "version": "6.2.0"
    }
  }
}